17:10:2022 01:15:58pm: grtToken debug--auth username & pass: {"username":"sp_sandbox","password":"pyyk97hu&6u6"}
17:10:2022 01:16:19pm: grtToken info: cURL Error #:Failed to connect to sandbox.shurjopayment.com port 443: Timed out
17:10:2022 01:16:24pm: grtToken debug--auth username & pass: {"username":"sp_sandbox","password":"pyyk97hu&6u6"}
17:10:2022 01:16:24pm: grtToken info: {"token":"eyJ0eXAiOiJKV1QiLCJhbGciOiJIUzI1NiJ9.eyJpc3MiOiJodHRwczovL3NhbmRib3guc2h1cmpvcGF5bWVudC5jb20vYXBpL2xvZ2luIiwiaWF0IjoxNjY1OTkwOTg1LCJleHAiOjE2NjU5OTQ1ODUsIm5iZiI6MTY2NTk5MDk4NSwianRpIjoiZjY3YWxCeDlpSE5KQThzWCIsInN1YiI6IjEiLCJwcnYiOiI4MDVmMzllZWZjYzY4YWZkOTgyNWI0MTIyN2RhZDBhMDc2YzQ5NzkzIn0.wcznUX1VgTQsUsLoGRj2DgUn5f4aP2Ql-huuKXjUXdI","store_id":1,"execute_url":"https:\/\/sandbox.shurjopayment.com\/api\/secret-pay","token_type":"Bearer","sp_code":"200","message":"Ok","token_create_time":"2022-10-17 01:16:25pm","expires_in":3600}
17:10:2022 01:16:47pm: grtToken debug--auth username & pass: {"username":"sp_sandbox","password":"pyyk97hu&6u6"}
17:10:2022 01:16:47pm: grtToken info: {"token":"eyJ0eXAiOiJKV1QiLCJhbGciOiJIUzI1NiJ9.eyJpc3MiOiJodHRwczovL3NhbmRib3guc2h1cmpvcGF5bWVudC5jb20vYXBpL2xvZ2luIiwiaWF0IjoxNjY1OTkxMDA3LCJleHAiOjE2NjU5OTQ2MDcsIm5iZiI6MTY2NTk5MTAwNywianRpIjoiVm13Y2hCdFRUWEg0WjVsYyIsInN1YiI6IjEiLCJwcnYiOiI4MDVmMzllZWZjYzY4YWZkOTgyNWI0MTIyN2RhZDBhMDc2YzQ5NzkzIn0.zYq9_jhbnxBvyPpTP2XRVfmzoPnYFOhJdHY75C5e7Fs","store_id":1,"execute_url":"https:\/\/sandbox.shurjopayment.com\/api\/secret-pay","token_type":"Bearer","sp_code":"200","message":"Ok","token_create_time":"2022-10-17 01:16:47pm","expires_in":3600}
17:10:2022 01:16:57pm: grtToken debug--auth username & pass: {"username":"sp_sandbox","password":"pyyk97hu&6u6"}
17:10:2022 01:16:58pm: grtToken info: {"token":"eyJ0eXAiOiJKV1QiLCJhbGciOiJIUzI1NiJ9.eyJpc3MiOiJodHRwczovL3NhbmRib3guc2h1cmpvcGF5bWVudC5jb20vYXBpL2xvZ2luIiwiaWF0IjoxNjY1OTkxMDE4LCJleHAiOjE2NjU5OTQ2MTgsIm5iZiI6MTY2NTk5MTAxOCwianRpIjoiU1dBMUJBbjRKZGUwWGZGaiIsInN1YiI6IjEiLCJwcnYiOiI4MDVmMzllZWZjYzY4YWZkOTgyNWI0MTIyN2RhZDBhMDc2YzQ5NzkzIn0.DL66cLDXcl8hdYU9ewUAmkBcz-YM-BO1hFsAt3AbaH4","store_id":1,"execute_url":"https:\/\/sandbox.shurjopayment.com\/api\/secret-pay","token_type":"Bearer","sp_code":"200","message":"Ok","token_create_time":"2022-10-17 01:16:58pm","expires_in":3600}
17:10:2022 01:17:54pm: grtToken debug--auth username & pass: {"username":"sp_sandbox","password":"pyyk97hu&6u6"}
17:10:2022 01:17:54pm: grtToken info: {"token":"eyJ0eXAiOiJKV1QiLCJhbGciOiJIUzI1NiJ9.eyJpc3MiOiJodHRwczovL3NhbmRib3guc2h1cmpvcGF5bWVudC5jb20vYXBpL2xvZ2luIiwiaWF0IjoxNjY1OTkxMDc1LCJleHAiOjE2NjU5OTQ2NzUsIm5iZiI6MTY2NTk5MTA3NSwianRpIjoienJ3TWFSZkM0elFVTzZ1ZSIsInN1YiI6IjEiLCJwcnYiOiI4MDVmMzllZWZjYzY4YWZkOTgyNWI0MTIyN2RhZDBhMDc2YzQ5NzkzIn0.KmNC4aGTNooGgDHnh9P9qP1stxQOYeyF3QJQjUJyN50","store_id":1,"execute_url":"https:\/\/sandbox.shurjopayment.com\/api\/secret-pay","token_type":"Bearer","sp_code":"200","message":"Ok","token_create_time":"2022-10-17 01:17:55pm","expires_in":3600}
17:10:2022 01:18:07pm: grtToken debug--auth username & pass: {"username":"sp_sandbox","password":"pyyk97hu&6u6"}
17:10:2022 01:18:08pm: grtToken info: {"token":"eyJ0eXAiOiJKV1QiLCJhbGciOiJIUzI1NiJ9.eyJpc3MiOiJodHRwczovL3NhbmRib3guc2h1cmpvcGF5bWVudC5jb20vYXBpL2xvZ2luIiwiaWF0IjoxNjY1OTkxMDg4LCJleHAiOjE2NjU5OTQ2ODgsIm5iZiI6MTY2NTk5MTA4OCwianRpIjoicUV3dk9vcW1oang0VW44bSIsInN1YiI6IjEiLCJwcnYiOiI4MDVmMzllZWZjYzY4YWZkOTgyNWI0MTIyN2RhZDBhMDc2YzQ5NzkzIn0.94geiAGi2AwktABwwV9hR5gipiuR0-YpGPy_FGDVnG8","store_id":1,"execute_url":"https:\/\/sandbox.shurjopayment.com\/api\/secret-pay","token_type":"Bearer","sp_code":"200","message":"Ok","token_create_time":"2022-10-17 01:18:08pm","expires_in":3600}
17:10:2022 01:25:33pm: grtToken debug--auth username & pass: {"username":"sp_sandbox","password":"pyyk97hu&6u6"}
17:10:2022 01:25:34pm: grtToken info: {"token":"eyJ0eXAiOiJKV1QiLCJhbGciOiJIUzI1NiJ9.eyJpc3MiOiJodHRwczovL3NhbmRib3guc2h1cmpvcGF5bWVudC5jb20vYXBpL2xvZ2luIiwiaWF0IjoxNjY1OTkxNTM0LCJleHAiOjE2NjU5OTUxMzQsIm5iZiI6MTY2NTk5MTUzNCwianRpIjoiN21jTEo4OEdsbzZMSklhRCIsInN1YiI6IjEiLCJwcnYiOiI4MDVmMzllZWZjYzY4YWZkOTgyNWI0MTIyN2RhZDBhMDc2YzQ5NzkzIn0.b08Wjj-wEjJL7G1JCn_Z5n_2ZHLSFJl1ism8mEy6_co","store_id":1,"execute_url":"https:\/\/sandbox.shurjopayment.com\/api\/secret-pay","token_type":"Bearer","sp_code":"200","message":"Ok","token_create_time":"2022-10-17 01:25:34pm","expires_in":3600}
17:10:2022 01:36:14pm: grtToken debug--auth username & pass: {"username":"sp_sandbox","password":"pyyk97hu&6u6"}
17:10:2022 01:36:44pm: grtToken info: cURL Error #:Operation timed out after 30013 milliseconds with 0 bytes received
17:10:2022 01:37:18pm: grtToken debug--auth username & pass: {"username":"sp_sandbox","password":"pyyk97hu&6u6"}
17:10:2022 01:37:48pm: grtToken info: cURL Error #:Operation timed out after 30005 milliseconds with 0 bytes received
17:10:2022 01:44:15pm: grtToken debug--auth username & pass: {"username":"sp_sandbox","password":"pyyk97hu&6u6"}
17:10:2022 01:44:36pm: grtToken info: cURL Error #:Failed to connect to sandbox.shurjopayment.com port 443: Timed out
17:10:2022 01:44:59pm: grtToken debug--auth username & pass: {"username":"sp_sandbox","password":"pyyk97hu&6u6"}
17:10:2022 01:45:02pm: grtToken debug--auth username & pass: {"username":"sp_sandbox","password":"pyyk97hu&6u6"}
17:10:2022 01:45:29pm: grtToken info: cURL Error #:Operation timed out after 30012 milliseconds with 0 bytes received
17:10:2022 01:45:32pm: grtToken info: cURL Error #:Operation timed out after 30006 milliseconds with 0 bytes received
17:10:2022 01:45:40pm: grtToken debug--auth username & pass: {"username":"sp_sandbox","password":"pyyk97hu&6u6"}
17:10:2022 01:46:10pm: grtToken info: cURL Error #:Operation timed out after 30013 milliseconds with 0 bytes received
17:10:2022 03:27:27pm: grtToken debug--auth username & pass: {"username":"sp_sandbox","password":"pyyk97hu&6u6"}
17:10:2022 03:27:27pm: grtToken info: {"token":"eyJ0eXAiOiJKV1QiLCJhbGciOiJIUzI1NiJ9.eyJpc3MiOiJodHRwczovL3NhbmRib3guc2h1cmpvcGF5bWVudC5jb20vYXBpL2xvZ2luIiwiaWF0IjoxNjY1OTk4ODQ4LCJleHAiOjE2NjYwMDI0NDgsIm5iZiI6MTY2NTk5ODg0OCwianRpIjoiN05jcjZldG4xcFU1eEpERyIsInN1YiI6IjEiLCJwcnYiOiI4MDVmMzllZWZjYzY4YWZkOTgyNWI0MTIyN2RhZDBhMDc2YzQ5NzkzIn0.zhcs_1BVtUGhJ-Yx7AkZ2eqnb38M3Y9x8ORYSAOe1gY","store_id":1,"execute_url":"https:\/\/sandbox.shurjopayment.com\/api\/secret-pay","token_type":"Bearer","sp_code":"200","message":"Ok","token_create_time":"2022-10-17 03:27:28pm","expires_in":3600}
